<?xml version="1.0" encoding="UTF-8"?>
<testsuite name="PersistenceTest" tests="1" skipped="0" failures="0" errors="0" timestamp="2023-11-03T08:50:18" hostname="DESKTOP-RMS175N" time="1.456">
  <properties/>
  <testcase name="1李� 罹먯떆 : Entity ���옣" classname="PersistenceTest" time="1.456"/>
  <system-out><![CDATA[Hibernate: 
    
    create table memo (
       id bigint not null,
        contents varchar(500) not null,
        username varchar(255) not null,
        primary key (id)
    ) engine=InnoDB
Hibernate: 
    
    alter table memo 
       drop index UK_n3qr0n9og6katwb84yqcia5ib
Hibernate: 
    
    alter table memo 
       add constraint UK_n3qr0n9og6katwb84yqcia5ib unique (username)
Hibernate: 
    /* insert com.sparta.entity.Memo
        */ insert 
    into
        memo (contents, username, id) 
    values
        (?, ?, ?)
]]></system-out>
  <system-err><![CDATA[11월 03, 2023 5:50:18 오후 org.hibernate.jpa.internal.util.LogHelper logPersistenceUnitInformation
INFO: HHH000204: Processing PersistenceUnitInfo [name: memo]
11월 03, 2023 5:50:18 오후 org.hibernate.Version logVersion
INFO: HHH000412: Hibernate ORM core version 6.1.7.Final
11월 03, 2023 5:50:18 오후 org.hibernate.engine.jdbc.connections.internal.DriverManagerConnectionProviderImpl configure
WARN: HHH10001002: Using built-in connection pool (not intended for production use)
11월 03, 2023 5:50:18 오후 org.hibernate.engine.jdbc.connections.internal.DriverManagerConnectionProviderImpl buildCreator
INFO: HHH10001005: Loaded JDBC driver class: com.mysql.cj.jdbc.Driver
11월 03, 2023 5:50:18 오후 org.hibernate.engine.jdbc.connections.internal.DriverManagerConnectionProviderImpl buildCreator
INFO: HHH10001012: Connecting with JDBC URL [jdbc:mysql://localhost:3306/memo]
11월 03, 2023 5:50:18 오후 org.hibernate.engine.jdbc.connections.internal.DriverManagerConnectionProviderImpl buildCreator
INFO: HHH10001001: Connection properties: {password=****, user=root}
11월 03, 2023 5:50:18 오후 org.hibernate.engine.jdbc.connections.internal.DriverManagerConnectionProviderImpl buildCreator
INFO: HHH10001003: Autocommit mode: false
11월 03, 2023 5:50:18 오후 org.hibernate.engine.jdbc.connections.internal.DriverManagerConnectionProviderImpl$PooledConnections <init>
INFO: HHH10001115: Connection pool size: 20 (min=1)
11월 03, 2023 5:50:19 오후 org.hibernate.engine.jdbc.dialect.internal.DialectFactoryImpl logSelectedDialect
INFO: HHH000400: Using dialect: org.hibernate.dialect.MySQLDialect
11월 03, 2023 5:50:19 오후 org.hibernate.resource.transaction.backend.jdbc.internal.DdlTransactionIsolatorNonJtaImpl getIsolatedConnection
INFO: HHH10001501: Connection obtained from JdbcConnectionAccess [org.hibernate.engine.jdbc.env.internal.JdbcEnvironmentInitiator$ConnectionProviderJdbcConnectionAccess@67f9cb52] for (non-JTA) DDL execution was not in auto-commit mode; the Connection 'local transaction' will be committed and the Connection will be set into auto-commit mode.
11월 03, 2023 5:50:19 오후 org.hibernate.engine.transaction.jta.platform.internal.JtaPlatformInitiator initiateService
INFO: HHH000490: Using JtaPlatform implementation: [org.hibernate.engine.transaction.jta.platform.internal.NoJtaPlatform]
11월 03, 2023 5:50:20 오후 org.hibernate.engine.jdbc.connections.internal.DriverManagerConnectionProviderImpl$PoolState stop
INFO: HHH10001008: Cleaning up connection pool [jdbc:mysql://localhost:3306/memo]
]]></system-err>
</testsuite>
